<?xml version="1.0" encoding="UTF-8"?>
<!-- Generated by org.testng.reporters.JUnitReportReporter -->
<testsuite hostname="LIN-5CG1469DTC" failures="0" tests="1" name="StepDefinitions.Trip" time="15.367" errors="0" timestamp="2024-03-26T11:28:44 IST" skipped="0">
  <testcase classname="StepDefinitions.Trip" name="i_am_on_the_tripadvisor_website" time="15.367"/>
</testsuite> <!-- StepDefinitions.Trip -->
